# JRE version: OpenJDK Runtime Environment (8.0_242-b01) (build 1.8.0_242-release-1644-b01)
# Java VM: OpenJDK 64-Bit Server VM (25.242-b01 mixed mode windows-amd64 compressed oops)
Heap:
 PSYoungGen      total 187904K, used 124184K [0x00000000e0000000, 0x00000000ee500000, 0x0000000100000000)
  eden space 159744K, 63% used [0x00000000e0000000,0x00000000e637f718,0x00000000e9c00000)
  from space 28160K, 79% used [0x00000000e9c00000,0x00000000eb1c6b50,0x00000000eb780000)
  to   space 29696K, 0% used [0x00000000ec800000,0x00000000ec800000,0x00000000ee500000)
 ParOldGen       total 265728K, used 49331K [0x00000000a0000000, 0x00000000b0380000, 0x00000000e0000000)
  object space 265728K, 18% used [0x00000000a0000000,0x00000000a302cd38,0x00000000b0380000)
 Metaspace       used 87529K, capacity 91582K, committed 91776K, reserved 1128448K
  class space    used 11836K, capacity 12646K, committed 12672K, reserved 1048576K
GC Heap History (10 events):
Event: 11.820 GC heap before
{Heap before GC invocations=12 (full 3):
 PSYoungGen      total 148992K, used 17844K [0x00000000e0000000, 0x00000000ec500000, 0x0000000100000000)
  eden space 130560K, 0% used [0x00000000e0000000,0x00000000e0000000,0x00000000e7f80000)
  from space 18432K, 96% used [0x00000000e7f80000,0x00000000e90ed0c8,0x00000000e9180000)
  to   space 20480K, 0% used [0x00000000eb100000,0x00000000eb100000,0x00000000ec500000)
 ParOldGen       total 177664K, used 22084K [0x00000000a0000000, 0x00000000aad80000, 0x00000000e0000000)
  object space 177664K, 12% used [0x00000000a0000000,0x00000000a1591318,0x00000000aad80000)
 Metaspace       used 57468K, capacity 59056K, committed 59096K, reserved 1099776K
  class space    used 7767K, capacity 8167K, committed 8192K, reserved 1048576K
Event: 12.140 GC heap after
Heap after GC invocations=12 (full 3):
 PSYoungGen      total 148992K, used 0K [0x00000000e0000000, 0x00000000ec500000, 0x0000000100000000)
  eden space 130560K, 0% used [0x00000000e0000000,0x00000000e0000000,0x00000000e7f80000)
  from space 18432K, 0% used [0x00000000e7f80000,0x00000000e7f80000,0x00000000e9180000)
  to   space 20480K, 0% used [0x00000000eb100000,0x00000000eb100000,0x00000000ec500000)
 ParOldGen       total 265728K, used 33849K [0x00000000a0000000, 0x00000000b0380000, 0x00000000e0000000)
  object space 265728K, 12% used [0x00000000a0000000,0x00000000a210e5d0,0x00000000b0380000)
 Metaspace       used 57468K, capacity 59056K, committed 59096K, reserved 1099776K
  class space    used 7767K, capacity 8167K, committed 8192K, reserved 1048576K
}
Event: 14.091 GC heap before
{Heap before GC invocations=13 (full 3):
 PSYoungGen      total 148992K, used 130560K [0x00000000e0000000, 0x00000000ec500000, 0x0000000100000000)
  eden space 130560K, 100% used [0x00000000e0000000,0x00000000e7f80000,0x00000000e7f80000)
  from space 18432K, 0% used [0x00000000e7f80000,0x00000000e7f80000,0x00000000e9180000)
  to   space 20480K, 0% used [0x00000000eb100000,0x00000000eb100000,0x00000000ec500000)
 ParOldGen       total 265728K, used 33849K [0x00000000a0000000, 0x00000000b0380000, 0x00000000e0000000)
  object space 265728K, 12% used [0x00000000a0000000,0x00000000a210e5d0,0x00000000b0380000)
 Metaspace       used 65341K, capacity 67696K, committed 67968K, reserved 1107968K
  class space    used 8843K, capacity 9321K, committed 9344K, reserved 1048576K
Event: 14.105 GC heap after
Heap after GC invocations=13 (full 3):
 PSYoungGen      total 162304K, used 14212K [0x00000000e0000000, 0x00000000ebf00000, 0x0000000100000000)
  eden space 147968K, 0% used [0x00000000e0000000,0x00000000e0000000,0x00000000e9080000)
  from space 14336K, 99% used [0x00000000eb100000,0x00000000ebee1360,0x00000000ebf00000)
  to   space 20480K, 0% used [0x00000000e9700000,0x00000000e9700000,0x00000000eab00000)
 ParOldGen       total 265728K, used 33857K [0x00000000a0000000, 0x00000000b0380000, 0x00000000e0000000)
  object space 265728K, 12% used [0x00000000a0000000,0x00000000a21105d0,0x00000000b0380000)
 Metaspace       used 65341K, capacity 67696K, committed 67968K, reserved 1107968K
  class space    used 8843K, capacity 9321K, committed 9344K, reserved 1048576K
}
Event: 17.804 GC heap before
{Heap before GC invocations=14 (full 3):
 PSYoungGen      total 162304K, used 162180K [0x00000000e0000000, 0x00000000ebf00000, 0x0000000100000000)
  eden space 147968K, 100% used [0x00000000e0000000,0x00000000e9080000,0x00000000e9080000)
  from space 14336K, 99% used [0x00000000eb100000,0x00000000ebee1360,0x00000000ebf00000)
  to   space 20480K, 0% used [0x00000000e9700000,0x00000000e9700000,0x00000000eab00000)
 ParOldGen       total 265728K, used 33857K [0x00000000a0000000, 0x00000000b0380000, 0x00000000e0000000)
  object space 265728K, 12% used [0x00000000a0000000,0x00000000a21105d0,0x00000000b0380000)
 Metaspace       used 69452K, capacity 72012K, committed 72192K, reserved 1112064K
  class space    used 9378K, capacity 9915K, committed 9984K, reserved 1048576K
Event: 17.819 GC heap after
Heap after GC invocations=14 (full 3):
 PSYoungGen      total 175104K, used 20462K [0x00000000e0000000, 0x00000000ece00000, 0x0000000100000000)
  eden space 154624K, 0% used [0x00000000e0000000,0x00000000e0000000,0x00000000e9700000)
  from space 20480K, 99% used [0x00000000e9700000,0x00000000eaafbbf8,0x00000000eab00000)
  to   space 23040K, 0% used [0x00000000eb780000,0x00000000eb780000,0x00000000ece00000)
 ParOldGen       total 265728K, used 35020K [0x00000000a0000000, 0x00000000b0380000, 0x00000000e0000000)
  object space 265728K, 13% used [0x00000000a0000000,0x00000000a2233258,0x00000000b0380000)
 Metaspace       used 69452K, capacity 72012K, committed 72192K, reserved 1112064K
  class space    used 9378K, capacity 9915K, committed 9984K, reserved 1048576K
}
Event: 30.410 GC heap before
{Heap before GC invocations=15 (full 3):
 PSYoungGen      total 175104K, used 175086K [0x00000000e0000000, 0x00000000ece00000, 0x0000000100000000)
  eden space 154624K, 100% used [0x00000000e0000000,0x00000000e9700000,0x00000000e9700000)
  from space 20480K, 99% used [0x00000000e9700000,0x00000000eaafbbf8,0x00000000eab00000)
  to   space 23040K, 0% used [0x00000000eb780000,0x00000000eb780000,0x00000000ece00000)
 ParOldGen       total 265728K, used 35020K [0x00000000a0000000, 0x00000000b0380000, 0x00000000e0000000)
  object space 265728K, 13% used [0x00000000a0000000,0x00000000a2233258,0x00000000b0380000)
 Metaspace       used 74260K, capacity 77166K, committed 77312K, reserved 1116160K
  class space    used 10096K, capacity 10690K, committed 10752K, reserved 1048576K
Event: 30.443 GC heap after
Heap after GC invocations=15 (full 3):
 PSYoungGen      total 182784K, used 23014K [0x00000000e0000000, 0x00000000edc80000, 0x0000000100000000)
  eden space 159744K, 0% used [0x00000000e0000000,0x00000000e0000000,0x00000000e9c00000)
  from space 23040K, 99% used [0x00000000eb780000,0x00000000ecdf99b0,0x00000000ece00000)
  to   space 28160K, 0% used [0x00000000e9c00000,0x00000000e9c00000,0x00000000eb780000)
 ParOldGen       total 265728K, used 40720K [0x00000000a0000000, 0x00000000b0380000, 0x00000000e0000000)
  object space 265728K, 15% used [0x00000000a0000000,0x00000000a27c4318,0x00000000b0380000)
 Metaspace       used 74260K, capacity 77166K, committed 77312K, reserved 1116160K
  class space    used 10096K, capacity 10690K, committed 10752K, reserved 1048576K
}
Event: 33.782 GC heap before
{Heap before GC invocations=16 (full 3):
 PSYoungGen      total 182784K, used 182758K [0x00000000e0000000, 0x00000000edc80000, 0x0000000100000000)
  eden space 159744K, 100% used [0x00000000e0000000,0x00000000e9c00000,0x00000000e9c00000)
  from space 23040K, 99% used [0x00000000eb780000,0x00000000ecdf99b0,0x00000000ece00000)
  to   space 28160K, 0% used [0x00000000e9c00000,0x00000000e9c00000,0x00000000eb780000)
 ParOldGen       total 265728K, used 40720K [0x00000000a0000000, 0x00000000b0380000, 0x00000000e0000000)
  object space 265728K, 15% used [0x00000000a0000000,0x00000000a27c4330,0x00000000b0380000)
 Metaspace       used 83530K, capacity 87380K, committed 87680K, reserved 1124352K
  class space    used 11574K, capacity 12355K, committed 12416K, reserved 1048576K
Event: 33.806 GC heap after
Heap after GC invocations=16 (full 3):
 PSYoungGen      total 187904K, used 22298K [0x00000000e0000000, 0x00000000ee500000, 0x0000000100000000)
  eden space 159744K, 0% used [0x00000000e0000000,0x00000000e0000000,0x00000000e9c00000)
  from space 28160K, 79% used [0x00000000e9c00000,0x00000000eb1c6b50,0x00000000eb780000)
  to   space 29696K, 0% used [0x00000000ec800000,0x00000000ec800000,0x00000000ee500000)
 ParOldGen       total 265728K, used 49331K [0x00000000a0000000, 0x00000000b0380000, 0x00000000e0000000)
  object space 265728K, 18% used [0x00000000a0000000,0x00000000a302cd38,0x00000000b0380000)
 Metaspace       used 83530K, capacity 87380K, committed 87680K, reserved 1124352K
  class space    used 11574K, capacity 12355K, committed 12416K, reserved 1048576K
}

