# JRE version: OpenJDK Runtime Environment (8.0_242-b01) (build 1.8.0_242-release-1644-b01)
# Java VM: OpenJDK 64-Bit Server VM (25.242-b01 mixed mode windows-amd64 compressed oops)
Heap:
 PSYoungGen      total 228864K, used 145384K [0x00000000e0000000, 0x00000000f0500000, 0x0000000100000000)
  eden space 195584K, 69% used [0x00000000e0000000,0x00000000e84593d0,0x00000000ebf00000)
  from space 33280K, 29% used [0x00000000ee480000,0x00000000eee20d00,0x00000000f0500000)
  to   space 35840K, 0% used [0x00000000ebf00000,0x00000000ebf00000,0x00000000ee200000)
 ParOldGen       total 458240K, used 81583K [0x00000000a0000000, 0x00000000bbf80000, 0x00000000e0000000)
  object space 458240K, 17% used [0x00000000a0000000,0x00000000a4fabd00,0x00000000bbf80000)
 Metaspace       used 105440K, capacity 111140K, committed 111256K, reserved 1144832K
  class space    used 13848K, capacity 14946K, committed 15000K, reserved 1048576K
GC Heap History (10 events):
Event: 82.789 GC heap before
{Heap before GC invocations=20 (full 4):
 PSYoungGen      total 215040K, used 32240K [0x00000000e0000000, 0x00000000f0280000, 0x0000000100000000)
  eden space 182784K, 0% used [0x00000000e0000000,0x00000000e0000000,0x00000000eb280000)
  from space 32256K, 99% used [0x00000000ed880000,0x00000000ef7fc390,0x00000000ef800000)
  to   space 38912K, 0% used [0x00000000eb280000,0x00000000eb280000,0x00000000ed880000)
 ParOldGen       total 282624K, used 71697K [0x00000000a0000000, 0x00000000b1400000, 0x00000000e0000000)
  object space 282624K, 25% used [0x00000000a0000000,0x00000000a4604720,0x00000000b1400000)
 Metaspace       used 94435K, capacity 98398K, committed 98584K, reserved 1134592K
  class space    used 12411K, capacity 13209K, committed 13336K, reserved 1048576K
Event: 82.990 GC heap after
Heap after GC invocations=20 (full 4):
 PSYoungGen      total 215040K, used 0K [0x00000000e0000000, 0x00000000f0280000, 0x0000000100000000)
  eden space 182784K, 0% used [0x00000000e0000000,0x00000000e0000000,0x00000000eb280000)
  from space 32256K, 0% used [0x00000000ed880000,0x00000000ed880000,0x00000000ef800000)
  to   space 38912K, 0% used [0x00000000eb280000,0x00000000eb280000,0x00000000ed880000)
 ParOldGen       total 458240K, used 81551K [0x00000000a0000000, 0x00000000bbf80000, 0x00000000e0000000)
  object space 458240K, 17% used [0x00000000a0000000,0x00000000a4fa3d00,0x00000000bbf80000)
 Metaspace       used 94298K, capacity 97994K, committed 98584K, reserved 1134592K
  class space    used 12369K, capacity 13135K, committed 13336K, reserved 1048576K
}
Event: 141.885 GC heap before
{Heap before GC invocations=21 (full 4):
 PSYoungGen      total 215040K, used 182784K [0x00000000e0000000, 0x00000000f0280000, 0x0000000100000000)
  eden space 182784K, 100% used [0x00000000e0000000,0x00000000eb280000,0x00000000eb280000)
  from space 32256K, 0% used [0x00000000ed880000,0x00000000ed880000,0x00000000ef800000)
  to   space 38912K, 0% used [0x00000000eb280000,0x00000000eb280000,0x00000000ed880000)
 ParOldGen       total 458240K, used 81551K [0x00000000a0000000, 0x00000000bbf80000, 0x00000000e0000000)
  object space 458240K, 17% used [0x00000000a0000000,0x00000000a4fa3d00,0x00000000bbf80000)
 Metaspace       used 103312K, capacity 108646K, committed 108824K, reserved 1142784K
  class space    used 13734K, capacity 14761K, committed 14872K, reserved 1048576K
Event: 141.894 GC heap after
Heap after GC invocations=21 (full 4):
 PSYoungGen      total 221696K, used 11438K [0x00000000e0000000, 0x00000000f0680000, 0x0000000100000000)
  eden space 182784K, 0% used [0x00000000e0000000,0x00000000e0000000,0x00000000eb280000)
  from space 38912K, 29% used [0x00000000eb280000,0x00000000ebdabb88,0x00000000ed880000)
  to   space 38400K, 0% used [0x00000000ee100000,0x00000000ee100000,0x00000000f0680000)
 ParOldGen       total 458240K, used 81559K [0x00000000a0000000, 0x00000000bbf80000, 0x00000000e0000000)
  object space 458240K, 17% used [0x00000000a0000000,0x00000000a4fa5d00,0x00000000bbf80000)
 Metaspace       used 103312K, capacity 108646K, committed 108824K, reserved 1142784K
  class space    used 13734K, capacity 14761K, committed 14872K, reserved 1048576K
}
Event: 147.713 GC heap before
{Heap before GC invocations=22 (full 4):
 PSYoungGen      total 221696K, used 194222K [0x00000000e0000000, 0x00000000f0680000, 0x0000000100000000)
  eden space 182784K, 100% used [0x00000000e0000000,0x00000000eb280000,0x00000000eb280000)
  from space 38912K, 29% used [0x00000000eb280000,0x00000000ebdabb88,0x00000000ed880000)
  to   space 38400K, 0% used [0x00000000ee100000,0x00000000ee100000,0x00000000f0680000)
 ParOldGen       total 458240K, used 81559K [0x00000000a0000000, 0x00000000bbf80000, 0x00000000e0000000)
  object space 458240K, 17% used [0x00000000a0000000,0x00000000a4fa5d00,0x00000000bbf80000)
 Metaspace       used 104019K, capacity 109430K, committed 109592K, reserved 1144832K
  class space    used 13777K, capacity 14821K, committed 14872K, reserved 1048576K
Event: 147.721 GC heap after
Heap after GC invocations=22 (full 4):
 PSYoungGen      total 225280K, used 12496K [0x00000000e0000000, 0x00000000f0300000, 0x0000000100000000)
  eden space 190464K, 0% used [0x00000000e0000000,0x00000000e0000000,0x00000000eba00000)
  from space 34816K, 35% used [0x00000000ee100000,0x00000000eed342d0,0x00000000f0300000)
  to   space 37376K, 0% used [0x00000000eba00000,0x00000000eba00000,0x00000000ede80000)
 ParOldGen       total 458240K, used 81567K [0x00000000a0000000, 0x00000000bbf80000, 0x00000000e0000000)
  object space 458240K, 17% used [0x00000000a0000000,0x00000000a4fa7d00,0x00000000bbf80000)
 Metaspace       used 104019K, capacity 109430K, committed 109592K, reserved 1144832K
  class space    used 13777K, capacity 14821K, committed 14872K, reserved 1048576K
}
Event: 162.938 GC heap before
{Heap before GC invocations=23 (full 4):
 PSYoungGen      total 225280K, used 202960K [0x00000000e0000000, 0x00000000f0300000, 0x0000000100000000)
  eden space 190464K, 100% used [0x00000000e0000000,0x00000000eba00000,0x00000000eba00000)
  from space 34816K, 35% used [0x00000000ee100000,0x00000000eed342d0,0x00000000f0300000)
  to   space 37376K, 0% used [0x00000000eba00000,0x00000000eba00000,0x00000000ede80000)
 ParOldGen       total 458240K, used 81567K [0x00000000a0000000, 0x00000000bbf80000, 0x00000000e0000000)
  object space 458240K, 17% used [0x00000000a0000000,0x00000000a4fa7d00,0x00000000bbf80000)
 Metaspace       used 104747K, capacity 110214K, committed 110360K, reserved 1144832K
  class space    used 13796K, capacity 14851K, committed 14872K, reserved 1048576K
Event: 162.948 GC heap after
Heap after GC invocations=23 (full 4):
 PSYoungGen      total 227840K, used 9599K [0x00000000e0000000, 0x00000000f0880000, 0x0000000100000000)
  eden space 190464K, 0% used [0x00000000e0000000,0x00000000e0000000,0x00000000eba00000)
  from space 37376K, 25% used [0x00000000eba00000,0x00000000ec35fd48,0x00000000ede80000)
  to   space 36864K, 0% used [0x00000000ee480000,0x00000000ee480000,0x00000000f0880000)
 ParOldGen       total 458240K, used 81575K [0x00000000a0000000, 0x00000000bbf80000, 0x00000000e0000000)
  object space 458240K, 17% used [0x00000000a0000000,0x00000000a4fa9d00,0x00000000bbf80000)
 Metaspace       used 104747K, capacity 110214K, committed 110360K, reserved 1144832K
  class space    used 13796K, capacity 14851K, committed 14872K, reserved 1048576K
}
Event: 189.843 GC heap before
{Heap before GC invocations=24 (full 4):
 PSYoungGen      total 227840K, used 200063K [0x00000000e0000000, 0x00000000f0880000, 0x0000000100000000)
  eden space 190464K, 100% used [0x00000000e0000000,0x00000000eba00000,0x00000000eba00000)
  from space 37376K, 25% used [0x00000000eba00000,0x00000000ec35fd48,0x00000000ede80000)
  to   space 36864K, 0% used [0x00000000ee480000,0x00000000ee480000,0x00000000f0880000)
 ParOldGen       total 458240K, used 81575K [0x00000000a0000000, 0x00000000bbf80000, 0x00000000e0000000)
  object space 458240K, 17% used [0x00000000a0000000,0x00000000a4fa9d00,0x00000000bbf80000)
 Metaspace       used 105242K, capacity 110858K, committed 111000K, reserved 1144832K
  class space    used 13838K, capacity 14931K, committed 15000K, reserved 1048576K
Event: 189.851 GC heap after
Heap after GC invocations=24 (full 4):
 PSYoungGen      total 228864K, used 9859K [0x00000000e0000000, 0x00000000f0500000, 0x0000000100000000)
  eden space 195584K, 0% used [0x00000000e0000000,0x00000000e0000000,0x00000000ebf00000)
  from space 33280K, 29% used [0x00000000ee480000,0x00000000eee20d00,0x00000000f0500000)
  to   space 35840K, 0% used [0x00000000ebf00000,0x00000000ebf00000,0x00000000ee200000)
 ParOldGen       total 458240K, used 81583K [0x00000000a0000000, 0x00000000bbf80000, 0x00000000e0000000)
  object space 458240K, 17% used [0x00000000a0000000,0x00000000a4fabd00,0x00000000bbf80000)
 Metaspace       used 105242K, capacity 110858K, committed 111000K, reserved 1144832K
  class space    used 13838K, capacity 14931K, committed 15000K, reserved 1048576K
}

