# JRE version: OpenJDK Runtime Environment (8.0_242-b01) (build 1.8.0_242-release-1644-b01)
# Java VM: OpenJDK 64-Bit Server VM (25.242-b01 mixed mode windows-amd64 compressed oops)
Heap:
 PSYoungGen      total 120832K, used 38523K [0x00000000e0000000, 0x00000000e8600000, 0x0000000100000000)
  eden space 107008K, 36% used [0x00000000e0000000,0x00000000e259ece0,0x00000000e6880000)
  from space 13824K, 0% used [0x00000000e6880000,0x00000000e6880000,0x00000000e7600000)
  to   space 12800K, 0% used [0x00000000e7600000,0x00000000e7600000,0x00000000e8280000)
 ParOldGen       total 102912K, used 33483K [0x00000000a0000000, 0x00000000a6480000, 0x00000000e0000000)
  object space 102912K, 32% used [0x00000000a0000000,0x00000000a20b2f58,0x00000000a6480000)
 Metaspace       used 59110K, capacity 60816K, committed 60888K, reserved 1101824K
  class space    used 7993K, capacity 8409K, committed 8448K, reserved 1048576K
GC Heap History (10 events):
Event: 5.536 GC heap before
{Heap before GC invocations=8 (full 2):
 PSYoungGen      total 119808K, used 11676K [0x00000000e0000000, 0x00000000e8600000, 0x0000000100000000)
  eden space 107008K, 0% used [0x00000000e0000000,0x00000000e0000000,0x00000000e6880000)
  from space 12800K, 91% used [0x00000000e7600000,0x00000000e8167288,0x00000000e8280000)
  to   space 13824K, 0% used [0x00000000e6880000,0x00000000e6880000,0x00000000e7600000)
 ParOldGen       total 102912K, used 11763K [0x00000000a0000000, 0x00000000a6480000, 0x00000000e0000000)
  object space 102912K, 11% used [0x00000000a0000000,0x00000000a0b7cc98,0x00000000a6480000)
 Metaspace       used 34517K, capacity 35338K, committed 35456K, reserved 1079296K
  class space    used 4748K, capacity 4958K, committed 4992K, reserved 1048576K
Event: 5.597 GC heap after
Heap after GC invocations=8 (full 2):
 PSYoungGen      total 119808K, used 0K [0x00000000e0000000, 0x00000000e8600000, 0x0000000100000000)
  eden space 107008K, 0% used [0x00000000e0000000,0x00000000e0000000,0x00000000e6880000)
  from space 12800K, 0% used [0x00000000e7600000,0x00000000e7600000,0x00000000e8280000)
  to   space 13824K, 0% used [0x00000000e6880000,0x00000000e6880000,0x00000000e7600000)
 ParOldGen       total 102912K, used 18742K [0x00000000a0000000, 0x00000000a6480000, 0x00000000e0000000)
  object space 102912K, 18% used [0x00000000a0000000,0x00000000a124dad8,0x00000000a6480000)
 Metaspace       used 34490K, capacity 35248K, committed 35456K, reserved 1079296K
  class space    used 4740K, capacity 4943K, committed 4992K, reserved 1048576K
}
Event: 6.320 GC heap before
{Heap before GC invocations=9 (full 2):
 PSYoungGen      total 119808K, used 107008K [0x00000000e0000000, 0x00000000e8600000, 0x0000000100000000)
  eden space 107008K, 100% used [0x00000000e0000000,0x00000000e6880000,0x00000000e6880000)
  from space 12800K, 0% used [0x00000000e7600000,0x00000000e7600000,0x00000000e8280000)
  to   space 13824K, 0% used [0x00000000e6880000,0x00000000e6880000,0x00000000e7600000)
 ParOldGen       total 102912K, used 18742K [0x00000000a0000000, 0x00000000a6480000, 0x00000000e0000000)
  object space 102912K, 18% used [0x00000000a0000000,0x00000000a124dad8,0x00000000a6480000)
 Metaspace       used 44952K, capacity 45940K, committed 46336K, reserved 1089536K
  class space    used 6031K, capacity 6288K, committed 6400K, reserved 1048576K
Event: 6.329 GC heap after
Heap after GC invocations=9 (full 2):
 PSYoungGen      total 120832K, used 13798K [0x00000000e0000000, 0x00000000e8600000, 0x0000000100000000)
  eden space 107008K, 0% used [0x00000000e0000000,0x00000000e0000000,0x00000000e6880000)
  from space 13824K, 99% used [0x00000000e6880000,0x00000000e75f98e0,0x00000000e7600000)
  to   space 12800K, 0% used [0x00000000e7600000,0x00000000e7600000,0x00000000e8280000)
 ParOldGen       total 102912K, used 20206K [0x00000000a0000000, 0x00000000a6480000, 0x00000000e0000000)
  object space 102912K, 19% used [0x00000000a0000000,0x00000000a13bba90,0x00000000a6480000)
 Metaspace       used 44952K, capacity 45940K, committed 46336K, reserved 1089536K
  class space    used 6031K, capacity 6288K, committed 6400K, reserved 1048576K
}
Event: 7.026 GC heap before
{Heap before GC invocations=10 (full 2):
 PSYoungGen      total 120832K, used 120806K [0x00000000e0000000, 0x00000000e8600000, 0x0000000100000000)
  eden space 107008K, 100% used [0x00000000e0000000,0x00000000e6880000,0x00000000e6880000)
  from space 13824K, 99% used [0x00000000e6880000,0x00000000e75f98e0,0x00000000e7600000)
  to   space 12800K, 0% used [0x00000000e7600000,0x00000000e7600000,0x00000000e8280000)
 ParOldGen       total 102912K, used 20206K [0x00000000a0000000, 0x00000000a6480000, 0x00000000e0000000)
  object space 102912K, 19% used [0x00000000a0000000,0x00000000a13bba90,0x00000000a6480000)
 Metaspace       used 52779K, capacity 54248K, committed 54400K, reserved 1095680K
  class space    used 7123K, capacity 7491K, committed 7552K, reserved 1048576K
Event: 7.035 GC heap after
Heap after GC invocations=10 (full 2):
 PSYoungGen      total 119808K, used 12791K [0x00000000e0000000, 0x00000000e8600000, 0x0000000100000000)
  eden space 107008K, 0% used [0x00000000e0000000,0x00000000e0000000,0x00000000e6880000)
  from space 12800K, 99% used [0x00000000e7600000,0x00000000e827de10,0x00000000e8280000)
  to   space 13824K, 0% used [0x00000000e6880000,0x00000000e6880000,0x00000000e7600000)
 ParOldGen       total 102912K, used 25991K [0x00000000a0000000, 0x00000000a6480000, 0x00000000e0000000)
  object space 102912K, 25% used [0x00000000a0000000,0x00000000a1961dc0,0x00000000a6480000)
 Metaspace       used 52779K, capacity 54248K, committed 54400K, reserved 1095680K
  class space    used 7123K, capacity 7491K, committed 7552K, reserved 1048576K
}
Event: 7.413 GC heap before
{Heap before GC invocations=11 (full 2):
 PSYoungGen      total 119808K, used 64532K [0x00000000e0000000, 0x00000000e8600000, 0x0000000100000000)
  eden space 107008K, 48% used [0x00000000e0000000,0x00000000e32875b8,0x00000000e6880000)
  from space 12800K, 99% used [0x00000000e7600000,0x00000000e827de10,0x00000000e8280000)
  to   space 13824K, 0% used [0x00000000e6880000,0x00000000e6880000,0x00000000e7600000)
 ParOldGen       total 102912K, used 25991K [0x00000000a0000000, 0x00000000a6480000, 0x00000000e0000000)
  object space 102912K, 25% used [0x00000000a0000000,0x00000000a1961dc0,0x00000000a6480000)
 Metaspace       used 57415K, capacity 58978K, committed 59096K, reserved 1099776K
  class space    used 7754K, capacity 8122K, committed 8192K, reserved 1048576K
Event: 7.422 GC heap after
Heap after GC invocations=11 (full 2):
 PSYoungGen      total 120832K, used 13804K [0x00000000e0000000, 0x00000000e8600000, 0x0000000100000000)
  eden space 107008K, 0% used [0x00000000e0000000,0x00000000e0000000,0x00000000e6880000)
  from space 13824K, 99% used [0x00000000e6880000,0x00000000e75fb300,0x00000000e7600000)
  to   space 12800K, 0% used [0x00000000e7600000,0x00000000e7600000,0x00000000e8280000)
 ParOldGen       total 102912K, used 29548K [0x00000000a0000000, 0x00000000a6480000, 0x00000000e0000000)
  object space 102912K, 28% used [0x00000000a0000000,0x00000000a1cdb228,0x00000000a6480000)
 Metaspace       used 57415K, capacity 58978K, committed 59096K, reserved 1099776K
  class space    used 7754K, capacity 8122K, committed 8192K, reserved 1048576K
}
Event: 7.422 GC heap before
{Heap before GC invocations=12 (full 3):
 PSYoungGen      total 120832K, used 13804K [0x00000000e0000000, 0x00000000e8600000, 0x0000000100000000)
  eden space 107008K, 0% used [0x00000000e0000000,0x00000000e0000000,0x00000000e6880000)
  from space 13824K, 99% used [0x00000000e6880000,0x00000000e75fb300,0x00000000e7600000)
  to   space 12800K, 0% used [0x00000000e7600000,0x00000000e7600000,0x00000000e8280000)
 ParOldGen       total 102912K, used 29548K [0x00000000a0000000, 0x00000000a6480000, 0x00000000e0000000)
  object space 102912K, 28% used [0x00000000a0000000,0x00000000a1cdb228,0x00000000a6480000)
 Metaspace       used 57415K, capacity 58978K, committed 59096K, reserved 1099776K
  class space    used 7754K, capacity 8122K, committed 8192K, reserved 1048576K
Event: 7.626 GC heap after
Heap after GC invocations=12 (full 3):
 PSYoungGen      total 120832K, used 0K [0x00000000e0000000, 0x00000000e8600000, 0x0000000100000000)
  eden space 107008K, 0% used [0x00000000e0000000,0x00000000e0000000,0x00000000e6880000)
  from space 13824K, 0% used [0x00000000e6880000,0x00000000e6880000,0x00000000e7600000)
  to   space 12800K, 0% used [0x00000000e7600000,0x00000000e7600000,0x00000000e8280000)
 ParOldGen       total 102912K, used 33483K [0x00000000a0000000, 0x00000000a6480000, 0x00000000e0000000)
  object space 102912K, 32% used [0x00000000a0000000,0x00000000a20b2f58,0x00000000a6480000)
 Metaspace       used 57415K, capacity 58978K, committed 59096K, reserved 1099776K
  class space    used 7754K, capacity 8122K, committed 8192K, reserved 1048576K
}

