# JRE version: OpenJDK Runtime Environment (8.0_242-b01) (build 1.8.0_242-release-1644-b01)
# Java VM: OpenJDK 64-Bit Server VM (25.242-b01 mixed mode windows-amd64 compressed oops)
Heap:
 PSYoungGen      total 118272K, used 86349K [0x00000000e0000000, 0x00000000e8500000, 0x0000000100000000)
  eden space 104448K, 69% used [0x00000000e0000000,0x00000000e46d37c0,0x00000000e6600000)
  from space 13824K, 99% used [0x00000000e6600000,0x00000000e737fec0,0x00000000e7380000)
  to   space 12800K, 0% used [0x00000000e7380000,0x00000000e7380000,0x00000000e8000000)
 ParOldGen       total 105472K, used 19545K [0x00000000a0000000, 0x00000000a6700000, 0x00000000e0000000)
  object space 105472K, 18% used [0x00000000a0000000,0x00000000a13167f8,0x00000000a6700000)
 Metaspace       used 49872K, capacity 51274K, committed 51456K, reserved 1093632K
  class space    used 6713K, capacity 7044K, committed 7168K, reserved 1048576K
GC Heap History (10 events):
Event: 4.475 GC heap before
{Heap before GC invocations=5 (full 1):
 PSYoungGen      total 75776K, used 65024K [0x00000000e0000000, 0x00000000e5480000, 0x0000000100000000)
  eden space 65024K, 100% used [0x00000000e0000000,0x00000000e3f80000,0x00000000e3f80000)
  from space 10752K, 0% used [0x00000000e3f80000,0x00000000e3f80000,0x00000000e4a00000)
  to   space 10752K, 0% used [0x00000000e4a00000,0x00000000e4a00000,0x00000000e5480000)
 ParOldGen       total 105472K, used 11756K [0x00000000a0000000, 0x00000000a6700000, 0x00000000e0000000)
  object space 105472K, 11% used [0x00000000a0000000,0x00000000a0b7b328,0x00000000a6700000)
 Metaspace       used 28879K, capacity 29398K, committed 29696K, reserved 1075200K
  class space    used 3895K, capacity 4094K, committed 4096K, reserved 1048576K
Event: 4.479 GC heap after
Heap after GC invocations=5 (full 1):
 PSYoungGen      total 75776K, used 7963K [0x00000000e0000000, 0x00000000e7980000, 0x0000000100000000)
  eden space 65024K, 0% used [0x00000000e0000000,0x00000000e0000000,0x00000000e3f80000)
  from space 10752K, 74% used [0x00000000e4a00000,0x00000000e51c6f58,0x00000000e5480000)
  to   space 10752K, 0% used [0x00000000e3f80000,0x00000000e3f80000,0x00000000e4a00000)
 ParOldGen       total 105472K, used 11764K [0x00000000a0000000, 0x00000000a6700000, 0x00000000e0000000)
  object space 105472K, 11% used [0x00000000a0000000,0x00000000a0b7d328,0x00000000a6700000)
 Metaspace       used 28879K, capacity 29398K, committed 29696K, reserved 1075200K
  class space    used 3895K, capacity 4094K, committed 4096K, reserved 1048576K
}
Event: 4.834 GC heap before
{Heap before GC invocations=6 (full 1):
 PSYoungGen      total 75776K, used 72987K [0x00000000e0000000, 0x00000000e7980000, 0x0000000100000000)
  eden space 65024K, 100% used [0x00000000e0000000,0x00000000e3f80000,0x00000000e3f80000)
  from space 10752K, 74% used [0x00000000e4a00000,0x00000000e51c6f58,0x00000000e5480000)
  to   space 10752K, 0% used [0x00000000e3f80000,0x00000000e3f80000,0x00000000e4a00000)
 ParOldGen       total 105472K, used 11764K [0x00000000a0000000, 0x00000000a6700000, 0x00000000e0000000)
  object space 105472K, 11% used [0x00000000a0000000,0x00000000a0b7d328,0x00000000a6700000)
 Metaspace       used 31980K, capacity 32602K, committed 33024K, reserved 1077248K
  class space    used 4401K, capacity 4586K, committed 4608K, reserved 1048576K
Event: 4.839 GC heap after
Heap after GC invocations=6 (full 1):
 PSYoungGen      total 75776K, used 8799K [0x00000000e0000000, 0x00000000e8000000, 0x0000000100000000)
  eden space 65024K, 0% used [0x00000000e0000000,0x00000000e0000000,0x00000000e3f80000)
  from space 10752K, 81% used [0x00000000e3f80000,0x00000000e4817e90,0x00000000e4a00000)
  to   space 12800K, 0% used [0x00000000e7380000,0x00000000e7380000,0x00000000e8000000)
 ParOldGen       total 105472K, used 11772K [0x00000000a0000000, 0x00000000a6700000, 0x00000000e0000000)
  object space 105472K, 11% used [0x00000000a0000000,0x00000000a0b7f328,0x00000000a6700000)
 Metaspace       used 31980K, capacity 32602K, committed 33024K, reserved 1077248K
  class space    used 4401K, capacity 4586K, committed 4608K, reserved 1048576K
}
Event: 5.228 GC heap before
{Heap before GC invocations=7 (full 1):
 PSYoungGen      total 75776K, used 59068K [0x00000000e0000000, 0x00000000e8000000, 0x0000000100000000)
  eden space 65024K, 77% used [0x00000000e0000000,0x00000000e3117298,0x00000000e3f80000)
  from space 10752K, 81% used [0x00000000e3f80000,0x00000000e4817e90,0x00000000e4a00000)
  to   space 12800K, 0% used [0x00000000e7380000,0x00000000e7380000,0x00000000e8000000)
 ParOldGen       total 105472K, used 11772K [0x00000000a0000000, 0x00000000a6700000, 0x00000000e0000000)
  object space 105472K, 11% used [0x00000000a0000000,0x00000000a0b7f328,0x00000000a6700000)
 Metaspace       used 34558K, capacity 35350K, committed 35456K, reserved 1079296K
  class space    used 4750K, capacity 4960K, committed 4992K, reserved 1048576K
Event: 5.235 GC heap after
Heap after GC invocations=7 (full 1):
 PSYoungGen      total 117248K, used 11726K [0x00000000e0000000, 0x00000000e8500000, 0x0000000100000000)
  eden space 104448K, 0% used [0x00000000e0000000,0x00000000e0000000,0x00000000e6600000)
  from space 12800K, 91% used [0x00000000e7380000,0x00000000e7ef3b98,0x00000000e8000000)
  to   space 13824K, 0% used [0x00000000e6600000,0x00000000e6600000,0x00000000e7380000)
 ParOldGen       total 105472K, used 11780K [0x00000000a0000000, 0x00000000a6700000, 0x00000000e0000000)
  object space 105472K, 11% used [0x00000000a0000000,0x00000000a0b81328,0x00000000a6700000)
 Metaspace       used 34558K, capacity 35350K, committed 35456K, reserved 1079296K
  class space    used 4750K, capacity 4960K, committed 4992K, reserved 1048576K
}
Event: 5.235 GC heap before
{Heap before GC invocations=8 (full 2):
 PSYoungGen      total 117248K, used 11726K [0x00000000e0000000, 0x00000000e8500000, 0x0000000100000000)
  eden space 104448K, 0% used [0x00000000e0000000,0x00000000e0000000,0x00000000e6600000)
  from space 12800K, 91% used [0x00000000e7380000,0x00000000e7ef3b98,0x00000000e8000000)
  to   space 13824K, 0% used [0x00000000e6600000,0x00000000e6600000,0x00000000e7380000)
 ParOldGen       total 105472K, used 11780K [0x00000000a0000000, 0x00000000a6700000, 0x00000000e0000000)
  object space 105472K, 11% used [0x00000000a0000000,0x00000000a0b81328,0x00000000a6700000)
 Metaspace       used 34558K, capacity 35350K, committed 35456K, reserved 1079296K
  class space    used 4750K, capacity 4960K, committed 4992K, reserved 1048576K
Event: 5.293 GC heap after
Heap after GC invocations=8 (full 2):
 PSYoungGen      total 117248K, used 0K [0x00000000e0000000, 0x00000000e8500000, 0x0000000100000000)
  eden space 104448K, 0% used [0x00000000e0000000,0x00000000e0000000,0x00000000e6600000)
  from space 12800K, 0% used [0x00000000e7380000,0x00000000e7380000,0x00000000e8000000)
  to   space 13824K, 0% used [0x00000000e6600000,0x00000000e6600000,0x00000000e7380000)
 ParOldGen       total 105472K, used 18723K [0x00000000a0000000, 0x00000000a6700000, 0x00000000e0000000)
  object space 105472K, 17% used [0x00000000a0000000,0x00000000a1248f70,0x00000000a6700000)
 Metaspace       used 34528K, capacity 35248K, committed 35456K, reserved 1079296K
  class space    used 4740K, capacity 4943K, committed 4992K, reserved 1048576K
}
Event: 6.031 GC heap before
{Heap before GC invocations=9 (full 2):
 PSYoungGen      total 117248K, used 104448K [0x00000000e0000000, 0x00000000e8500000, 0x0000000100000000)
  eden space 104448K, 100% used [0x00000000e0000000,0x00000000e6600000,0x00000000e6600000)
  from space 12800K, 0% used [0x00000000e7380000,0x00000000e7380000,0x00000000e8000000)
  to   space 13824K, 0% used [0x00000000e6600000,0x00000000e6600000,0x00000000e7380000)
 ParOldGen       total 105472K, used 18723K [0x00000000a0000000, 0x00000000a6700000, 0x00000000e0000000)
  object space 105472K, 17% used [0x00000000a0000000,0x00000000a1248f70,0x00000000a6700000)
 Metaspace       used 44841K, capacity 45780K, committed 45952K, reserved 1089536K
  class space    used 6009K, capacity 6256K, committed 6272K, reserved 1048576K
Event: 6.039 GC heap after
Heap after GC invocations=9 (full 2):
 PSYoungGen      total 118272K, used 13823K [0x00000000e0000000, 0x00000000e8500000, 0x0000000100000000)
  eden space 104448K, 0% used [0x00000000e0000000,0x00000000e0000000,0x00000000e6600000)
  from space 13824K, 99% used [0x00000000e6600000,0x00000000e737fec0,0x00000000e7380000)
  to   space 12800K, 0% used [0x00000000e7380000,0x00000000e7380000,0x00000000e8000000)
 ParOldGen       total 105472K, used 19545K [0x00000000a0000000, 0x00000000a6700000, 0x00000000e0000000)
  object space 105472K, 18% used [0x00000000a0000000,0x00000000a13167f8,0x00000000a6700000)
 Metaspace       used 44841K, capacity 45780K, committed 45952K, reserved 1089536K
  class space    used 6009K, capacity 6256K, committed 6272K, reserved 1048576K
}

