# JRE version: OpenJDK Runtime Environment (8.0_242-b01) (build 1.8.0_242-release-1644-b01)
# Java VM: OpenJDK 64-Bit Server VM (25.242-b01 mixed mode windows-amd64 compressed oops)
Heap:
 PSYoungGen      total 116224K, used 23597K [0x00000000e0000000, 0x00000000e8c00000, 0x0000000100000000)
  eden space 102400K, 9% used [0x00000000e0000000,0x00000000e098da38,0x00000000e6400000)
  from space 13824K, 99% used [0x00000000e6400000,0x00000000e717dc80,0x00000000e7180000)
  to   space 13312K, 0% used [0x00000000e7180000,0x00000000e7180000,0x00000000e7e80000)
 ParOldGen       total 110592K, used 19568K [0x00000000a0000000, 0x00000000a6c00000, 0x00000000e0000000)
  object space 110592K, 17% used [0x00000000a0000000,0x00000000a131c370,0x00000000a6c00000)
 Metaspace       used 44316K, capacity 45598K, committed 45736K, reserved 1089536K
  class space    used 6012K, capacity 6302K, committed 6312K, reserved 1048576K
GC Heap History (10 events):
Event: 8.388 GC heap before
{Heap before GC invocations=5 (full 1):
 PSYoungGen      total 75776K, used 65024K [0x00000000e0000000, 0x00000000e5480000, 0x0000000100000000)
  eden space 65024K, 100% used [0x00000000e0000000,0x00000000e3f80000,0x00000000e3f80000)
  from space 10752K, 0% used [0x00000000e3f80000,0x00000000e3f80000,0x00000000e4a00000)
  to   space 10752K, 0% used [0x00000000e4a00000,0x00000000e4a00000,0x00000000e5480000)
 ParOldGen       total 110592K, used 12173K [0x00000000a0000000, 0x00000000a6c00000, 0x00000000e0000000)
  object space 110592K, 11% used [0x00000000a0000000,0x00000000a0be3798,0x00000000a6c00000)
 Metaspace       used 28370K, capacity 28948K, committed 29184K, reserved 1075200K
  class space    used 3890K, capacity 4069K, committed 4096K, reserved 1048576K
Event: 8.395 GC heap after
Heap after GC invocations=5 (full 1):
 PSYoungGen      total 75776K, used 7789K [0x00000000e0000000, 0x00000000e7780000, 0x0000000100000000)
  eden space 65024K, 0% used [0x00000000e0000000,0x00000000e0000000,0x00000000e3f80000)
  from space 10752K, 72% used [0x00000000e4a00000,0x00000000e519b770,0x00000000e5480000)
  to   space 10752K, 0% used [0x00000000e3f80000,0x00000000e3f80000,0x00000000e4a00000)
 ParOldGen       total 110592K, used 12181K [0x00000000a0000000, 0x00000000a6c00000, 0x00000000e0000000)
  object space 110592K, 11% used [0x00000000a0000000,0x00000000a0be5798,0x00000000a6c00000)
 Metaspace       used 28370K, capacity 28948K, committed 29184K, reserved 1075200K
  class space    used 3890K, capacity 4069K, committed 4096K, reserved 1048576K
}
Event: 9.623 GC heap before
{Heap before GC invocations=6 (full 1):
 PSYoungGen      total 75776K, used 72813K [0x00000000e0000000, 0x00000000e7780000, 0x0000000100000000)
  eden space 65024K, 100% used [0x00000000e0000000,0x00000000e3f80000,0x00000000e3f80000)
  from space 10752K, 72% used [0x00000000e4a00000,0x00000000e519b770,0x00000000e5480000)
  to   space 10752K, 0% used [0x00000000e3f80000,0x00000000e3f80000,0x00000000e4a00000)
 ParOldGen       total 110592K, used 12181K [0x00000000a0000000, 0x00000000a6c00000, 0x00000000e0000000)
  object space 110592K, 11% used [0x00000000a0000000,0x00000000a0be5798,0x00000000a6c00000)
 Metaspace       used 32501K, capacity 33380K, committed 33664K, reserved 1079296K
  class space    used 4424K, capacity 4664K, committed 4736K, reserved 1048576K
Event: 9.634 GC heap after
Heap after GC invocations=6 (full 1):
 PSYoungGen      total 75776K, used 9692K [0x00000000e0000000, 0x00000000e7e80000, 0x0000000100000000)
  eden space 65024K, 0% used [0x00000000e0000000,0x00000000e0000000,0x00000000e3f80000)
  from space 10752K, 90% used [0x00000000e3f80000,0x00000000e48f73a0,0x00000000e4a00000)
  to   space 13312K, 0% used [0x00000000e7180000,0x00000000e7180000,0x00000000e7e80000)
 ParOldGen       total 110592K, used 12189K [0x00000000a0000000, 0x00000000a6c00000, 0x00000000e0000000)
  object space 110592K, 11% used [0x00000000a0000000,0x00000000a0be7798,0x00000000a6c00000)
 Metaspace       used 32501K, capacity 33380K, committed 33664K, reserved 1079296K
  class space    used 4424K, capacity 4664K, committed 4736K, reserved 1048576K
}
Event: 10.315 GC heap before
{Heap before GC invocations=7 (full 1):
 PSYoungGen      total 75776K, used 58655K [0x00000000e0000000, 0x00000000e7e80000, 0x0000000100000000)
  eden space 65024K, 75% used [0x00000000e0000000,0x00000000e2fd0ae8,0x00000000e3f80000)
  from space 10752K, 90% used [0x00000000e3f80000,0x00000000e48f73a0,0x00000000e4a00000)
  to   space 13312K, 0% used [0x00000000e7180000,0x00000000e7180000,0x00000000e7e80000)
 ParOldGen       total 110592K, used 12189K [0x00000000a0000000, 0x00000000a6c00000, 0x00000000e0000000)
  object space 110592K, 11% used [0x00000000a0000000,0x00000000a0be7798,0x00000000a6c00000)
 Metaspace       used 34541K, capacity 35476K, committed 35496K, reserved 1079296K
  class space    used 4778K, capacity 5013K, committed 5032K, reserved 1048576K
Event: 10.348 GC heap after
Heap after GC invocations=7 (full 1):
 PSYoungGen      total 115712K, used 11090K [0x00000000e0000000, 0x00000000e8c00000, 0x0000000100000000)
  eden space 102400K, 0% used [0x00000000e0000000,0x00000000e0000000,0x00000000e6400000)
  from space 13312K, 83% used [0x00000000e7180000,0x00000000e7c54878,0x00000000e7e80000)
  to   space 13824K, 0% used [0x00000000e6400000,0x00000000e6400000,0x00000000e7180000)
 ParOldGen       total 110592K, used 12197K [0x00000000a0000000, 0x00000000a6c00000, 0x00000000e0000000)
  object space 110592K, 11% used [0x00000000a0000000,0x00000000a0be9798,0x00000000a6c00000)
 Metaspace       used 34541K, capacity 35476K, committed 35496K, reserved 1079296K
  class space    used 4778K, capacity 5013K, committed 5032K, reserved 1048576K
}
Event: 10.348 GC heap before
{Heap before GC invocations=8 (full 2):
 PSYoungGen      total 115712K, used 11090K [0x00000000e0000000, 0x00000000e8c00000, 0x0000000100000000)
  eden space 102400K, 0% used [0x00000000e0000000,0x00000000e0000000,0x00000000e6400000)
  from space 13312K, 83% used [0x00000000e7180000,0x00000000e7c54878,0x00000000e7e80000)
  to   space 13824K, 0% used [0x00000000e6400000,0x00000000e6400000,0x00000000e7180000)
 ParOldGen       total 110592K, used 12197K [0x00000000a0000000, 0x00000000a6c00000, 0x00000000e0000000)
  object space 110592K, 11% used [0x00000000a0000000,0x00000000a0be9798,0x00000000a6c00000)
 Metaspace       used 34541K, capacity 35476K, committed 35496K, reserved 1079296K
  class space    used 4778K, capacity 5013K, committed 5032K, reserved 1048576K
Event: 10.463 GC heap after
Heap after GC invocations=8 (full 2):
 PSYoungGen      total 115712K, used 0K [0x00000000e0000000, 0x00000000e8c00000, 0x0000000100000000)
  eden space 102400K, 0% used [0x00000000e0000000,0x00000000e0000000,0x00000000e6400000)
  from space 13312K, 0% used [0x00000000e7180000,0x00000000e7180000,0x00000000e7e80000)
  to   space 13824K, 0% used [0x00000000e6400000,0x00000000e6400000,0x00000000e7180000)
 ParOldGen       total 110592K, used 18641K [0x00000000a0000000, 0x00000000a6c00000, 0x00000000e0000000)
  object space 110592K, 16% used [0x00000000a0000000,0x00000000a12346d8,0x00000000a6c00000)
 Metaspace       used 34541K, capacity 35476K, committed 35496K, reserved 1079296K
  class space    used 4778K, capacity 5013K, committed 5032K, reserved 1048576K
}
Event: 14.190 GC heap before
{Heap before GC invocations=9 (full 2):
 PSYoungGen      total 115712K, used 102400K [0x00000000e0000000, 0x00000000e8c00000, 0x0000000100000000)
  eden space 102400K, 100% used [0x00000000e0000000,0x00000000e6400000,0x00000000e6400000)
  from space 13312K, 0% used [0x00000000e7180000,0x00000000e7180000,0x00000000e7e80000)
  to   space 13824K, 0% used [0x00000000e6400000,0x00000000e6400000,0x00000000e7180000)
 ParOldGen       total 110592K, used 18641K [0x00000000a0000000, 0x00000000a6c00000, 0x00000000e0000000)
  object space 110592K, 16% used [0x00000000a0000000,0x00000000a12346d8,0x00000000a6c00000)
 Metaspace       used 44003K, capacity 45310K, committed 45480K, reserved 1089536K
  class space    used 5964K, capacity 6270K, committed 6312K, reserved 1048576K
Event: 14.202 GC heap after
Heap after GC invocations=9 (full 2):
 PSYoungGen      total 116224K, used 13815K [0x00000000e0000000, 0x00000000e8c00000, 0x0000000100000000)
  eden space 102400K, 0% used [0x00000000e0000000,0x00000000e0000000,0x00000000e6400000)
  from space 13824K, 99% used [0x00000000e6400000,0x00000000e717dc80,0x00000000e7180000)
  to   space 13312K, 0% used [0x00000000e7180000,0x00000000e7180000,0x00000000e7e80000)
 ParOldGen       total 110592K, used 19568K [0x00000000a0000000, 0x00000000a6c00000, 0x00000000e0000000)
  object space 110592K, 17% used [0x00000000a0000000,0x00000000a131c370,0x00000000a6c00000)
 Metaspace       used 44003K, capacity 45310K, committed 45480K, reserved 1089536K
  class space    used 5964K, capacity 6270K, committed 6312K, reserved 1048576K
}

